-------------------------------------------------------------------------------
Test set: rickandmortyApiTest.TestRunner
-------------------------------------------------------------------------------
Tests run: 1, Failures: 1, Errors: 0, Skipped: 0, Time elapsed: 5.294 s <<< FAILURE! - in rickandmortyApiTest.TestRunner
testParallel  Time elapsed: 5.281 s  <<< FAILURE!
org.opentest4j.AssertionFailedError: 
match failed: EQUALS
  $ | not equal (STRING:STRING)
  'Dead'
  'Alive'

classpath:rickandmortyApiTest/features/rickandmorty.feature:18
match failed: EQUALS
  $ | not equal (STRING:STRING)
  'Humanoid'
  'Human'

classpath:rickandmortyApiTest/features/rickandmorty.feature:19
match failed: EQUALS
  $ | not equal (STRING:STRING)
  'unknown'
  '23'

classpath:rickandmortyApiTest/features/rickandmorty.feature:37 ==> expected: <0> but was: <3>
	at rickandmortyApiTest.TestRunner.testParallel(TestRunner.java:16)

